C:\USERS\SUNJC0306\DESKTOP\毕业论文\CODE\SJC_SPEA2_ZDT\DEBUG\SJC_SPEA2_ZDT.EXE
C:\USERS\SUNJC0306\DESKTOP\毕业论文\CODE\SJC_SPEA2_ZDT\DEBUG\SJC_SPEA2_ZDT.ILK
C:\USERS\SUNJC0306\DESKTOP\毕业论文\CODE\SJC_SPEA2_ZDT\DEBUG\SJC_SPEA2_ZDT.PDB
C:\Users\sunjc0306\Desktop\毕业论文\code\SJC_SPEA2_ZDT\SJC_SPEA2_ZDT\Debug\cl.command.1.tlog
C:\Users\sunjc0306\Desktop\毕业论文\code\SJC_SPEA2_ZDT\SJC_SPEA2_ZDT\Debug\CL.read.1.tlog
C:\Users\sunjc0306\Desktop\毕业论文\code\SJC_SPEA2_ZDT\SJC_SPEA2_ZDT\Debug\CL.write.1.tlog
C:\Users\sunjc0306\Desktop\毕业论文\code\SJC_SPEA2_ZDT\SJC_SPEA2_ZDT\Debug\link.19588.read.1.tlog
C:\Users\sunjc0306\Desktop\毕业论文\code\SJC_SPEA2_ZDT\SJC_SPEA2_ZDT\Debug\link.19588.write.1.tlog
C:\Users\sunjc0306\Desktop\毕业论文\code\SJC_SPEA2_ZDT\SJC_SPEA2_ZDT\Debug\link.19588-cvtres.read.1.tlog
C:\Users\sunjc0306\Desktop\毕业论文\code\SJC_SPEA2_ZDT\SJC_SPEA2_ZDT\Debug\link.19588-cvtres.write.1.tlog
C:\Users\sunjc0306\Desktop\毕业论文\code\SJC_SPEA2_ZDT\SJC_SPEA2_ZDT\Debug\link.23412.read.1.tlog
C:\Users\sunjc0306\Desktop\毕业论文\code\SJC_SPEA2_ZDT\SJC_SPEA2_ZDT\Debug\link.23412.write.1.tlog
C:\Users\sunjc0306\Desktop\毕业论文\code\SJC_SPEA2_ZDT\SJC_SPEA2_ZDT\Debug\link.23412-cvtres.read.1.tlog
C:\Users\sunjc0306\Desktop\毕业论文\code\SJC_SPEA2_ZDT\SJC_SPEA2_ZDT\Debug\link.23412-cvtres.write.1.tlog
C:\Users\sunjc0306\Desktop\毕业论文\code\SJC_SPEA2_ZDT\SJC_SPEA2_ZDT\Debug\link.23468.read.1.tlog
C:\Users\sunjc0306\Desktop\毕业论文\code\SJC_SPEA2_ZDT\SJC_SPEA2_ZDT\Debug\link.23468.write.1.tlog
C:\Users\sunjc0306\Desktop\毕业论文\code\SJC_SPEA2_ZDT\SJC_SPEA2_ZDT\Debug\link.23468-cvtres.read.1.tlog
C:\Users\sunjc0306\Desktop\毕业论文\code\SJC_SPEA2_ZDT\SJC_SPEA2_ZDT\Debug\link.23468-cvtres.write.1.tlog
C:\Users\sunjc0306\Desktop\毕业论文\code\SJC_SPEA2_ZDT\SJC_SPEA2_ZDT\Debug\link.24140.read.1.tlog
C:\Users\sunjc0306\Desktop\毕业论文\code\SJC_SPEA2_ZDT\SJC_SPEA2_ZDT\Debug\link.24140.write.1.tlog
C:\Users\sunjc0306\Desktop\毕业论文\code\SJC_SPEA2_ZDT\SJC_SPEA2_ZDT\Debug\link.24140-cvtres.read.1.tlog
C:\Users\sunjc0306\Desktop\毕业论文\code\SJC_SPEA2_ZDT\SJC_SPEA2_ZDT\Debug\link.24140-cvtres.write.1.tlog
C:\Users\sunjc0306\Desktop\毕业论文\code\SJC_SPEA2_ZDT\SJC_SPEA2_ZDT\Debug\link.4304.read.1.tlog
C:\Users\sunjc0306\Desktop\毕业论文\code\SJC_SPEA2_ZDT\SJC_SPEA2_ZDT\Debug\link.4304.write.1.tlog
C:\Users\sunjc0306\Desktop\毕业论文\code\SJC_SPEA2_ZDT\SJC_SPEA2_ZDT\Debug\link.4304-cvtres.read.1.tlog
C:\Users\sunjc0306\Desktop\毕业论文\code\SJC_SPEA2_ZDT\SJC_SPEA2_ZDT\Debug\link.4304-cvtres.write.1.tlog
C:\Users\sunjc0306\Desktop\毕业论文\code\SJC_SPEA2_ZDT\SJC_SPEA2_ZDT\Debug\link.8976.read.1.tlog
C:\Users\sunjc0306\Desktop\毕业论文\code\SJC_SPEA2_ZDT\SJC_SPEA2_ZDT\Debug\link.8976.write.1.tlog
C:\Users\sunjc0306\Desktop\毕业论文\code\SJC_SPEA2_ZDT\SJC_SPEA2_ZDT\Debug\link.8976-cvtres.read.1.tlog
C:\Users\sunjc0306\Desktop\毕业论文\code\SJC_SPEA2_ZDT\SJC_SPEA2_ZDT\Debug\link.8976-cvtres.write.1.tlog
C:\Users\sunjc0306\Desktop\毕业论文\code\SJC_SPEA2_ZDT\SJC_SPEA2_ZDT\Debug\link.command.1.tlog
C:\Users\sunjc0306\Desktop\毕业论文\code\SJC_SPEA2_ZDT\SJC_SPEA2_ZDT\Debug\link.read.1.tlog
C:\Users\sunjc0306\Desktop\毕业论文\code\SJC_SPEA2_ZDT\SJC_SPEA2_ZDT\Debug\link.write.1.tlog
C:\Users\sunjc0306\Desktop\毕业论文\code\SJC_SPEA2_ZDT\SJC_SPEA2_ZDT\Debug\link-cvtres.read.1.tlog
C:\Users\sunjc0306\Desktop\毕业论文\code\SJC_SPEA2_ZDT\SJC_SPEA2_ZDT\Debug\link-cvtres.write.1.tlog
C:\USERS\SUNJC0306\DESKTOP\毕业论文\CODE\SJC_SPEA2_ZDT\SJC_SPEA2_ZDT\DEBUG\MAIN.OBJ
C:\Users\sunjc0306\Desktop\毕业论文\code\SJC_SPEA2_ZDT\SJC_SPEA2_ZDT\Debug\mt.command.1.tlog
C:\Users\sunjc0306\Desktop\毕业论文\code\SJC_SPEA2_ZDT\SJC_SPEA2_ZDT\Debug\mt.read.1.tlog
C:\Users\sunjc0306\Desktop\毕业论文\code\SJC_SPEA2_ZDT\SJC_SPEA2_ZDT\Debug\mt.write.1.tlog
C:\Users\sunjc0306\Desktop\毕业论文\code\SJC_SPEA2_ZDT\SJC_SPEA2_ZDT\Debug\rc.command.1.tlog
C:\Users\sunjc0306\Desktop\毕业论文\code\SJC_SPEA2_ZDT\SJC_SPEA2_ZDT\Debug\rc.read.1.tlog
C:\Users\sunjc0306\Desktop\毕业论文\code\SJC_SPEA2_ZDT\SJC_SPEA2_ZDT\Debug\rc.write.1.tlog
C:\USERS\SUNJC0306\DESKTOP\毕业论文\CODE\SJC_SPEA2_ZDT\SJC_SPEA2_ZDT\DEBUG\SJC_SPEA2_ZDT.EXE.EMBED.MANIFEST
C:\USERS\SUNJC0306\DESKTOP\毕业论文\CODE\SJC_SPEA2_ZDT\SJC_SPEA2_ZDT\DEBUG\SJC_SPEA2_ZDT.EXE.EMBED.MANIFEST.RES
C:\USERS\SUNJC0306\DESKTOP\毕业论文\CODE\SJC_SPEA2_ZDT\SJC_SPEA2_ZDT\DEBUG\SJC_SPEA2_ZDT.EXE.INTERMEDIATE.MANIFEST
C:\Users\sunjc0306\Desktop\毕业论文\code\SJC_SPEA2_ZDT\SJC_SPEA2_ZDT\Debug\SJC_SPEA2_ZDT.vcxprojResolveAssemblyReference.cache
C:\Users\sunjc0306\Desktop\毕业论文\code\SJC_SPEA2_ZDT\SJC_SPEA2_ZDT\Debug\SJC_SPEA2_ZDT.write.1.tlog
C:\Users\sunjc0306\Desktop\毕业论文\code\SJC_SPEA2_ZDT\SJC_SPEA2_ZDT\Debug\SJC_SPEA2_ZDT_manifest.rc
C:\Users\sunjc0306\Desktop\毕业论文\code\SJC_SPEA2_ZDT\SJC_SPEA2_ZDT\Debug\vc100.idb
C:\USERS\SUNJC0306\DESKTOP\毕业论文\CODE\SJC_SPEA2_ZDT\SJC_SPEA2_ZDT\DEBUG\VC100.PDB
